<?xml version="1.0" encoding="UTF-8"?>
<testsuite name="AddressBookTest" tests="18" skipped="0" failures="3" errors="0" timestamp="2019-12-06T12:51:46" hostname="FH400" time="1.885">
  <properties/>
  <testcase name="when_Save_Details_To_InCorrect_File_Entered_Should_Return_Exception" classname="AddressBookTest" time="0.892"/>
  <testcase name="when_Sort_By_Person_FirstName_From_File_Should_Return_True" classname="AddressBookTest" time="0.375"/>
  <testcase name="when_Edit_In_State_To_File_Should_Return_True" classname="AddressBookTest" time="0.065"/>
  <testcase name="when_Read_From_File_Should_Return_True" classname="AddressBookTest" time="0.005"/>
  <testcase name="when_Edit_In_City_To_File_Should_Return_True" classname="AddressBookTest" time="0.134"/>
  <testcase name="when_Edit_In_First_Name_To_InCorrect_File" classname="AddressBookTest" time="0.005"/>
  <testcase name="when_Sort_By_Person_ZipCode_Has_Same_Field_Should_Return_False" classname="AddressBookTest" time="0.001"/>
  <testcase name="when_Edit_In_ZipCode_To_File_Should_Return_True" classname="AddressBookTest" time="0.045"/>
  <testcase name="when_Edit_In_Last_Name_To_File_Should_Return_True" classname="AddressBookTest" time="0.026"/>
  <testcase name="when_Read_From_InCorrect_File" classname="AddressBookTest" time="0.05">
    <failure message="java.lang.AssertionError: expected:&lt;false&gt; but was:&lt;true&gt;" type="java.lang.AssertionError">java.lang.AssertionError: expected:&lt;false&gt; but was:&lt;true&gt;
	at org.junit.Assert.fail(Assert.java:88)
	at org.junit.Assert.failNotEquals(Assert.java:834)
	at org.junit.Assert.assertEquals(Assert.java:118)
	at org.junit.Assert.assertEquals(Assert.java:144)
	at AddressBookTest.when_Read_From_InCorrect_File(AddressBookTest.java:68)
	at java.base/jdk.internal.reflect.NativeMethodAccessorImpl.invoke0(Native Method)
	at java.base/jdk.internal.reflect.NativeMethodAccessorImpl.invoke(NativeMethodAccessorImpl.java:62)
	at java.base/jdk.internal.reflect.DelegatingMethodAccessorImpl.invoke(DelegatingMethodAccessorImpl.java:43)
	at java.base/java.lang.reflect.Method.invoke(Method.java:566)
	at org.junit.runners.model.FrameworkMethod$1.runReflectiveCall(FrameworkMethod.java:50)
	at org.junit.internal.runners.model.ReflectiveCallable.run(ReflectiveCallable.java:12)
	at org.junit.runners.model.FrameworkMethod.invokeExplosively(FrameworkMethod.java:47)
	at org.junit.internal.runners.statements.InvokeMethod.evaluate(InvokeMethod.java:17)
	at org.junit.runners.ParentRunner.runLeaf(ParentRunner.java:325)
	at org.junit.runners.BlockJUnit4ClassRunner.runChild(BlockJUnit4ClassRunner.java:78)
	at org.junit.runners.BlockJUnit4ClassRunner.runChild(BlockJUnit4ClassRunner.java:57)
	at org.junit.runners.ParentRunner$3.run(ParentRunner.java:290)
	at org.junit.runners.ParentRunner$1.schedule(ParentRunner.java:71)
	at org.junit.runners.ParentRunner.runChildren(ParentRunner.java:288)
	at org.junit.runners.ParentRunner.access$000(ParentRunner.java:58)
	at org.junit.runners.ParentRunner$2.evaluate(ParentRunner.java:268)
	at org.junit.runners.ParentRunner.run(ParentRunner.java:363)
	at org.gradle.api.internal.tasks.testing.junit.JUnitTestClassExecutor.runTestClass(JUnitTestClassExecutor.java:110)
	at org.gradle.api.internal.tasks.testing.junit.JUnitTestClassExecutor.execute(JUnitTestClassExecutor.java:58)
	at org.gradle.api.internal.tasks.testing.junit.JUnitTestClassExecutor.execute(JUnitTestClassExecutor.java:38)
	at org.gradle.api.internal.tasks.testing.junit.AbstractJUnitTestClassProcessor.processTestClass(AbstractJUnitTestClassProcessor.java:62)
	at org.gradle.api.internal.tasks.testing.SuiteTestClassProcessor.processTestClass(SuiteTestClassProcessor.java:51)
	at java.base/jdk.internal.reflect.NativeMethodAccessorImpl.invoke0(Native Method)
	at java.base/jdk.internal.reflect.NativeMethodAccessorImpl.invoke(NativeMethodAccessorImpl.java:62)
	at java.base/jdk.internal.reflect.DelegatingMethodAccessorImpl.invoke(DelegatingMethodAccessorImpl.java:43)
	at java.base/java.lang.reflect.Method.invoke(Method.java:566)
	at org.gradle.internal.dispatch.ReflectionDispatch.dispatch(ReflectionDispatch.java:35)
	at org.gradle.internal.dispatch.ReflectionDispatch.dispatch(ReflectionDispatch.java:24)
	at org.gradle.internal.dispatch.ContextClassLoaderDispatch.dispatch(ContextClassLoaderDispatch.java:32)
	at org.gradle.internal.dispatch.ProxyDispatchAdapter$DispatchingInvocationHandler.invoke(ProxyDispatchAdapter.java:93)
	at com.sun.proxy.$Proxy2.processTestClass(Unknown Source)
	at org.gradle.api.internal.tasks.testing.worker.TestWorker.processTestClass(TestWorker.java:118)
	at java.base/jdk.internal.reflect.NativeMethodAccessorImpl.invoke0(Native Method)
	at java.base/jdk.internal.reflect.NativeMethodAccessorImpl.invoke(NativeMethodAccessorImpl.java:62)
	at java.base/jdk.internal.reflect.DelegatingMethodAccessorImpl.invoke(DelegatingMethodAccessorImpl.java:43)
	at java.base/java.lang.reflect.Method.invoke(Method.java:566)
	at org.gradle.internal.dispatch.ReflectionDispatch.dispatch(ReflectionDispatch.java:35)
	at org.gradle.internal.dispatch.ReflectionDispatch.dispatch(ReflectionDispatch.java:24)
	at org.gradle.internal.remote.internal.hub.MessageHubBackedObjectConnection$DispatchWrapper.dispatch(MessageHubBackedObjectConnection.java:175)
	at org.gradle.internal.remote.internal.hub.MessageHubBackedObjectConnection$DispatchWrapper.dispatch(MessageHubBackedObjectConnection.java:157)
	at org.gradle.internal.remote.internal.hub.MessageHub$Handler.run(MessageHub.java:404)
	at org.gradle.internal.concurrent.ExecutorPolicy$CatchAndRecordFailures.onExecute(ExecutorPolicy.java:63)
	at org.gradle.internal.concurrent.ManagedExecutorImpl$1.run(ManagedExecutorImpl.java:46)
	at java.base/java.util.concurrent.ThreadPoolExecutor.runWorker(ThreadPoolExecutor.java:1128)
	at java.base/java.util.concurrent.ThreadPoolExecutor$Worker.run(ThreadPoolExecutor.java:628)
	at org.gradle.internal.concurrent.ThreadFactoryImpl$ManagedThreadRunnable.run(ThreadFactoryImpl.java:55)
	at java.base/java.lang.Thread.run(Thread.java:834)
</failure>
  </testcase>
  <testcase name="when_Edit_In_First_Name_To_File_Should_Return_True" classname="AddressBookTest" time="0.017"/>
  <testcase name="when_Correct_New_FileName_Entered_Should_Return_true" classname="AddressBookTest" time="0.015">
    <failure message="java.lang.AssertionError: expected:&lt;false&gt; but was:&lt;true&gt;" type="java.lang.AssertionError">java.lang.AssertionError: expected:&lt;false&gt; but was:&lt;true&gt;
	at org.junit.Assert.fail(Assert.java:88)
	at org.junit.Assert.failNotEquals(Assert.java:834)
	at org.junit.Assert.assertEquals(Assert.java:118)
	at org.junit.Assert.assertEquals(Assert.java:144)
	at AddressBookTest.when_Correct_New_FileName_Entered_Should_Return_true(AddressBookTest.java:14)
	at java.base/jdk.internal.reflect.NativeMethodAccessorImpl.invoke0(Native Method)
	at java.base/jdk.internal.reflect.NativeMethodAccessorImpl.invoke(NativeMethodAccessorImpl.java:62)
	at java.base/jdk.internal.reflect.DelegatingMethodAccessorImpl.invoke(DelegatingMethodAccessorImpl.java:43)
	at java.base/java.lang.reflect.Method.invoke(Method.java:566)
	at org.junit.runners.model.FrameworkMethod$1.runReflectiveCall(FrameworkMethod.java:50)
	at org.junit.internal.runners.model.ReflectiveCallable.run(ReflectiveCallable.java:12)
	at org.junit.runners.model.FrameworkMethod.invokeExplosively(FrameworkMethod.java:47)
	at org.junit.internal.runners.statements.InvokeMethod.evaluate(InvokeMethod.java:17)
	at org.junit.runners.ParentRunner.runLeaf(ParentRunner.java:325)
	at org.junit.runners.BlockJUnit4ClassRunner.runChild(BlockJUnit4ClassRunner.java:78)
	at org.junit.runners.BlockJUnit4ClassRunner.runChild(BlockJUnit4ClassRunner.java:57)
	at org.junit.runners.ParentRunner$3.run(ParentRunner.java:290)
	at org.junit.runners.ParentRunner$1.schedule(ParentRunner.java:71)
	at org.junit.runners.ParentRunner.runChildren(ParentRunner.java:288)
	at org.junit.runners.ParentRunner.access$000(ParentRunner.java:58)
	at org.junit.runners.ParentRunner$2.evaluate(ParentRunner.java:268)
	at org.junit.runners.ParentRunner.run(ParentRunner.java:363)
	at org.gradle.api.internal.tasks.testing.junit.JUnitTestClassExecutor.runTestClass(JUnitTestClassExecutor.java:110)
	at org.gradle.api.internal.tasks.testing.junit.JUnitTestClassExecutor.execute(JUnitTestClassExecutor.java:58)
	at org.gradle.api.internal.tasks.testing.junit.JUnitTestClassExecutor.execute(JUnitTestClassExecutor.java:38)
	at org.gradle.api.internal.tasks.testing.junit.AbstractJUnitTestClassProcessor.processTestClass(AbstractJUnitTestClassProcessor.java:62)
	at org.gradle.api.internal.tasks.testing.SuiteTestClassProcessor.processTestClass(SuiteTestClassProcessor.java:51)
	at java.base/jdk.internal.reflect.NativeMethodAccessorImpl.invoke0(Native Method)
	at java.base/jdk.internal.reflect.NativeMethodAccessorImpl.invoke(NativeMethodAccessorImpl.java:62)
	at java.base/jdk.internal.reflect.DelegatingMethodAccessorImpl.invoke(DelegatingMethodAccessorImpl.java:43)
	at java.base/java.lang.reflect.Method.invoke(Method.java:566)
	at org.gradle.internal.dispatch.ReflectionDispatch.dispatch(ReflectionDispatch.java:35)
	at org.gradle.internal.dispatch.ReflectionDispatch.dispatch(ReflectionDispatch.java:24)
	at org.gradle.internal.dispatch.ContextClassLoaderDispatch.dispatch(ContextClassLoaderDispatch.java:32)
	at org.gradle.internal.dispatch.ProxyDispatchAdapter$DispatchingInvocationHandler.invoke(ProxyDispatchAdapter.java:93)
	at com.sun.proxy.$Proxy2.processTestClass(Unknown Source)
	at org.gradle.api.internal.tasks.testing.worker.TestWorker.processTestClass(TestWorker.java:118)
	at java.base/jdk.internal.reflect.NativeMethodAccessorImpl.invoke0(Native Method)
	at java.base/jdk.internal.reflect.NativeMethodAccessorImpl.invoke(NativeMethodAccessorImpl.java:62)
	at java.base/jdk.internal.reflect.DelegatingMethodAccessorImpl.invoke(DelegatingMethodAccessorImpl.java:43)
	at java.base/java.lang.reflect.Method.invoke(Method.java:566)
	at org.gradle.internal.dispatch.ReflectionDispatch.dispatch(ReflectionDispatch.java:35)
	at org.gradle.internal.dispatch.ReflectionDispatch.dispatch(ReflectionDispatch.java:24)
	at org.gradle.internal.remote.internal.hub.MessageHubBackedObjectConnection$DispatchWrapper.dispatch(MessageHubBackedObjectConnection.java:175)
	at org.gradle.internal.remote.internal.hub.MessageHubBackedObjectConnection$DispatchWrapper.dispatch(MessageHubBackedObjectConnection.java:157)
	at org.gradle.internal.remote.internal.hub.MessageHub$Handler.run(MessageHub.java:404)
	at org.gradle.internal.concurrent.ExecutorPolicy$CatchAndRecordFailures.onExecute(ExecutorPolicy.java:63)
	at org.gradle.internal.concurrent.ManagedExecutorImpl$1.run(ManagedExecutorImpl.java:46)
	at java.base/java.util.concurrent.ThreadPoolExecutor.runWorker(ThreadPoolExecutor.java:1128)
	at java.base/java.util.concurrent.ThreadPoolExecutor$Worker.run(ThreadPoolExecutor.java:628)
	at org.gradle.internal.concurrent.ThreadFactoryImpl$ManagedThreadRunnable.run(ThreadFactoryImpl.java:55)
	at java.base/java.lang.Thread.run(Thread.java:834)
</failure>
  </testcase>
  <testcase name="when_Add_Details_To_New_File_Entered_Should_Return_true" classname="AddressBookTest" time="0.0"/>
  <testcase name="when_Sort_By_Person_ZipCode_From_File_Should_Return_True" classname="AddressBookTest" time="0.002">
    <failure message="java.lang.AssertionError: expected:&lt;true&gt; but was:&lt;false&gt;" type="java.lang.AssertionError">java.lang.AssertionError: expected:&lt;true&gt; but was:&lt;false&gt;
	at org.junit.Assert.fail(Assert.java:88)
	at org.junit.Assert.failNotEquals(Assert.java:834)
	at org.junit.Assert.assertEquals(Assert.java:118)
	at org.junit.Assert.assertEquals(Assert.java:144)
	at AddressBookTest.when_Sort_By_Person_ZipCode_From_File_Should_Return_True(AddressBookTest.java:172)
	at java.base/jdk.internal.reflect.NativeMethodAccessorImpl.invoke0(Native Method)
	at java.base/jdk.internal.reflect.NativeMethodAccessorImpl.invoke(NativeMethodAccessorImpl.java:62)
	at java.base/jdk.internal.reflect.DelegatingMethodAccessorImpl.invoke(DelegatingMethodAccessorImpl.java:43)
	at java.base/java.lang.reflect.Method.invoke(Method.java:566)
	at org.junit.runners.model.FrameworkMethod$1.runReflectiveCall(FrameworkMethod.java:50)
	at org.junit.internal.runners.model.ReflectiveCallable.run(ReflectiveCallable.java:12)
	at org.junit.runners.model.FrameworkMethod.invokeExplosively(FrameworkMethod.java:47)
	at org.junit.internal.runners.statements.InvokeMethod.evaluate(InvokeMethod.java:17)
	at org.junit.runners.ParentRunner.runLeaf(ParentRunner.java:325)
	at org.junit.runners.BlockJUnit4ClassRunner.runChild(BlockJUnit4ClassRunner.java:78)
	at org.junit.runners.BlockJUnit4ClassRunner.runChild(BlockJUnit4ClassRunner.java:57)
	at org.junit.runners.ParentRunner$3.run(ParentRunner.java:290)
	at org.junit.runners.ParentRunner$1.schedule(ParentRunner.java:71)
	at org.junit.runners.ParentRunner.runChildren(ParentRunner.java:288)
	at org.junit.runners.ParentRunner.access$000(ParentRunner.java:58)
	at org.junit.runners.ParentRunner$2.evaluate(ParentRunner.java:268)
	at org.junit.runners.ParentRunner.run(ParentRunner.java:363)
	at org.gradle.api.internal.tasks.testing.junit.JUnitTestClassExecutor.runTestClass(JUnitTestClassExecutor.java:110)
	at org.gradle.api.internal.tasks.testing.junit.JUnitTestClassExecutor.execute(JUnitTestClassExecutor.java:58)
	at org.gradle.api.internal.tasks.testing.junit.JUnitTestClassExecutor.execute(JUnitTestClassExecutor.java:38)
	at org.gradle.api.internal.tasks.testing.junit.AbstractJUnitTestClassProcessor.processTestClass(AbstractJUnitTestClassProcessor.java:62)
	at org.gradle.api.internal.tasks.testing.SuiteTestClassProcessor.processTestClass(SuiteTestClassProcessor.java:51)
	at java.base/jdk.internal.reflect.NativeMethodAccessorImpl.invoke0(Native Method)
	at java.base/jdk.internal.reflect.NativeMethodAccessorImpl.invoke(NativeMethodAccessorImpl.java:62)
	at java.base/jdk.internal.reflect.DelegatingMethodAccessorImpl.invoke(DelegatingMethodAccessorImpl.java:43)
	at java.base/java.lang.reflect.Method.invoke(Method.java:566)
	at org.gradle.internal.dispatch.ReflectionDispatch.dispatch(ReflectionDispatch.java:35)
	at org.gradle.internal.dispatch.ReflectionDispatch.dispatch(ReflectionDispatch.java:24)
	at org.gradle.internal.dispatch.ContextClassLoaderDispatch.dispatch(ContextClassLoaderDispatch.java:32)
	at org.gradle.internal.dispatch.ProxyDispatchAdapter$DispatchingInvocationHandler.invoke(ProxyDispatchAdapter.java:93)
	at com.sun.proxy.$Proxy2.processTestClass(Unknown Source)
	at org.gradle.api.internal.tasks.testing.worker.TestWorker.processTestClass(TestWorker.java:118)
	at java.base/jdk.internal.reflect.NativeMethodAccessorImpl.invoke0(Native Method)
	at java.base/jdk.internal.reflect.NativeMethodAccessorImpl.invoke(NativeMethodAccessorImpl.java:62)
	at java.base/jdk.internal.reflect.DelegatingMethodAccessorImpl.invoke(DelegatingMethodAccessorImpl.java:43)
	at java.base/java.lang.reflect.Method.invoke(Method.java:566)
	at org.gradle.internal.dispatch.ReflectionDispatch.dispatch(ReflectionDispatch.java:35)
	at org.gradle.internal.dispatch.ReflectionDispatch.dispatch(ReflectionDispatch.java:24)
	at org.gradle.internal.remote.internal.hub.MessageHubBackedObjectConnection$DispatchWrapper.dispatch(MessageHubBackedObjectConnection.java:175)
	at org.gradle.internal.remote.internal.hub.MessageHubBackedObjectConnection$DispatchWrapper.dispatch(MessageHubBackedObjectConnection.java:157)
	at org.gradle.internal.remote.internal.hub.MessageHub$Handler.run(MessageHub.java:404)
	at org.gradle.internal.concurrent.ExecutorPolicy$CatchAndRecordFailures.onExecute(ExecutorPolicy.java:63)
	at org.gradle.internal.concurrent.ManagedExecutorImpl$1.run(ManagedExecutorImpl.java:46)
	at java.base/java.util.concurrent.ThreadPoolExecutor.runWorker(ThreadPoolExecutor.java:1128)
	at java.base/java.util.concurrent.ThreadPoolExecutor$Worker.run(ThreadPoolExecutor.java:628)
	at org.gradle.internal.concurrent.ThreadFactoryImpl$ManagedThreadRunnable.run(ThreadFactoryImpl.java:55)
	at java.base/java.lang.Thread.run(Thread.java:834)
</failure>
  </testcase>
  <testcase name="when_Delete_Person_Details_From_File_Should_Return_True" classname="AddressBookTest" time="0.144"/>
  <testcase name="when_Edit_In_Mobile_Number_To_File_Should_Return_True" classname="AddressBookTest" time="0.016"/>
  <testcase name="when_Incorrect_New_FileName_Entered_Should_Return_true" classname="AddressBookTest" time="0.0"/>
  <testcase name="when_Save_Details_To_New_File_Entered_Should_Return_true" classname="AddressBookTest" time="0.056"/>
  <system-out><![CDATA[FirstName LastName Mobile_Number State City Zip 

MANGESH RANA 123000000 Akola MH 444002
MANGESH GILL 123000000 Akola MH 444002
MANGESH GILL 123000000 Akola MH 444002
[Person{firstName='MANGESH', lastName='RANA', mobileNumber='123000000', stateName='MH', cityName='Akola', zipCode='444002'}, Person{firstName='MANGESH', lastName='GILL', mobileNumber='123000000', stateName='MH', cityName='Akola', zipCode='444002'}, Person{firstName='MANGESH', lastName='GILL', mobileNumber='123000000', stateName='MH', cityName='Akola', zipCode='444002'}]
[Person{firstName='MANGESH', lastName='RANA', mobileNumber='123000000', stateName='MH', cityName='Akola', zipCode='444002'}, Person{firstName='MANGESH', lastName='RANA', mobileNumber='123000000', stateName='MH', cityName='Akola', zipCode='444002'}, Person{firstName='MANGESH', lastName='GILL', mobileNumber='123000000', stateName='MH', cityName='Akola', zipCode='444002'}]
[Person{firstName='MANGESH', lastName='RANA', mobileNumber='123000000', stateName='MH', cityName='Akola', zipCode='444002'}, Person{firstName='MANGESH', lastName='RANA', mobileNumber='123000000', stateName='MH', cityName='Akola', zipCode='444002'}, Person{firstName='MANGESH', lastName='RANA', mobileNumber='123000000', stateName='MH', cityName='Akola', zipCode='444002'}]
[Person{firstName='MANGESH', lastName='RANA', mobileNumber='123000000', stateName='MH', cityName='Akola', zipCode='444002'}, Person{firstName='MANGESH', lastName='RANA', mobileNumber='123000000', stateName='MH', cityName='Akola', zipCode='444002'}, Person{firstName='MANGESH', lastName='RANA', mobileNumber='123000000', stateName='MH', cityName='Akola', zipCode='444002'}]
[Person{firstName='MANGESH', lastName='RANA', mobileNumber='123000000', stateName='MH', cityName='Akola', zipCode='444002'}, Person{firstName='MANGESH', lastName='RANA', mobileNumber='123000000', stateName='MH', cityName='Akola', zipCode='444002'}, Person{firstName='MANGESH', lastName='RANA', mobileNumber='123000000', stateName='MH', cityName='Akola', zipCode='444002'}]
[Person{firstName='MANGESH', lastName='RANA', mobileNumber='123000000', stateName='MH', cityName='Akola', zipCode='444002'}, Person{firstName='MANGESH', lastName='RANA', mobileNumber='123000000', stateName='MH', cityName='Akola', zipCode='444002'}, Person{firstName='MANGESH', lastName='RANA', mobileNumber='123000000', stateName='MH', cityName='Akola', zipCode='444002'}]
[Person{firstName='MANGESH', lastName='RANA', mobileNumber='123000000', stateName='MH', cityName='Akola', zipCode='444002'}, Person{firstName='MANGESH', lastName='RANA', mobileNumber='123000000', stateName='MH', cityName='Akola', zipCode='444002'}, Person{firstName='MANGESH', lastName='RANA', mobileNumber='123000000', stateName='MH', cityName='Akola', zipCode='444002'}]
[Person{firstName='MANGESH', lastName='RANA', mobileNumber='123000000', stateName='MH', cityName='Akola', zipCode='444002'}, Person{firstName='MANGESH', lastName='RANA', mobileNumber='123000000', stateName='MH', cityName='Akola', zipCode='444002'}, Person{firstName='MANGESH', lastName='RANA', mobileNumber='123000000', stateName='MH', cityName='Akola', zipCode='444002'}]
[Person{firstName='MANGESH', lastName='RANA', mobileNumber='123000000', stateName='MH', cityName='Akola', zipCode='444002'}, Person{firstName='MANGESH', lastName='RANA', mobileNumber='123000000', stateName='MH', cityName='Akola', zipCode='444002'}, Person{firstName='MANGESH', lastName='RANA', mobileNumber='123000000', stateName='MH', cityName='Akola', zipCode='444002'}]
[Person{firstName='MANGESH', lastName='RANA', mobileNumber='123000000', stateName='MH', cityName='Akola', zipCode='444002'}, Person{firstName='MANGESH', lastName='RANA', mobileNumber='123000000', stateName='MH', cityName='Akola', zipCode='444002'}, Person{firstName='MANGESH', lastName='RANA', mobileNumber='123000000', stateName='MH', cityName='Akola', zipCode='444002'}]
[Person{firstName='MANGESH', lastName='RANA', mobileNumber='123000000', stateName='MH', cityName='Akola', zipCode='444002'}, Person{firstName='MANGESH', lastName='RANA', mobileNumber='123000000', stateName='MH', cityName='Akola', zipCode='444002'}, Person{firstName='MANGESH', lastName='RANA', mobileNumber='123000000', stateName='MH', cityName='Akola', zipCode='444002'}]
[Person{firstName='MANGESH', lastName='RANA', mobileNumber='123000000', stateName='MH', cityName='Akola', zipCode='444002'}, Person{firstName='MANGESH', lastName='RANA', mobileNumber='123000000', stateName='MH', cityName='Akola', zipCode='444002'}, Person{firstName='MANGESH', lastName='RANA', mobileNumber='123000000', stateName='MH', cityName='Akola', zipCode='444002'}]
[Person{firstName='MANGESH', lastName='RANA', mobileNumber='123000000', stateName='MH', cityName='Akola', zipCode='444002'}, Person{firstName='MANGESH', lastName='RANA', mobileNumber='123000000', stateName='MH', cityName='Akola', zipCode='444002'}, Person{firstName='MANGESH', lastName='RANA', mobileNumber='123000000', stateName='MH', cityName='Akola', zipCode='444002'}]
[Person{firstName='MANGESH', lastName='RANA', mobileNumber='123000000', stateName='MH', cityName='Akola', zipCode='444002'}, Person{firstName='MANGESH', lastName='RANA', mobileNumber='123000000', stateName='MH', cityName='Akola', zipCode='444002'}, Person{firstName='MANGESH', lastName='RANA', mobileNumber='123000000', stateName='MH', cityName='Akola', zipCode='444002'}]
[Person{firstName='MANGESH', lastName='RANA', mobileNumber='123000000', stateName='MH', cityName='Akola', zipCode='444002'}, Person{firstName='MANGESH', lastName='RANA', mobileNumber='123000000', stateName='MH', cityName='Akola', zipCode='444002'}, Person{firstName='MANGESH', lastName='RANA', mobileNumber='123000000', stateName='MH', cityName='Akola', zipCode='444002'}]
[Person{firstName='MANGESH', lastName='RANA', mobileNumber='123000000', stateName='MH', cityName='Akola', zipCode='444002'}, Person{firstName='MANGESH', lastName='RANA', mobileNumber='123000000', stateName='MH', cityName='Akola', zipCode='444002'}, Person{firstName='MANGESH', lastName='RANA', mobileNumber='123000000', stateName='MH', cityName='Akola', zipCode='444002'}]
[Person{firstName='MANGESH', lastName='RANA', mobileNumber='123000000', stateName='MH', cityName='Akola', zipCode='444002'}, Person{firstName='MANGESH', lastName='RANA', mobileNumber='123000000', stateName='MH', cityName='Akola', zipCode='444002'}, Person{firstName='MANGESH', lastName='RANA', mobileNumber='123000000', stateName='MH', cityName='Akola', zipCode='444002'}]
[Person{firstName='MANGESH', lastName='RANA', mobileNumber='123000000', stateName='MH', cityName='Akola', zipCode='444002'}, Person{firstName='MANGESH', lastName='RANA', mobileNumber='123000000', stateName='MH', cityName='Akola', zipCode='444002'}, Person{firstName='MANGESH', lastName='RANA', mobileNumber='123000000', stateName='MH', cityName='Akola', zipCode='444002'}]

		The name Panvel is already used in this location. Please use a different name.
[Person{firstName='MANGESH', lastName='RANA', mobileNumber='123000000', stateName='MH', cityName='Akola', zipCode='444002'}, Person{firstName='MANGESH', lastName='RANA', mobileNumber='123000000', stateName='MH', cityName='Akola', zipCode='444002'}]
[Person{firstName='MANGESH', lastName='RANA', mobileNumber='123000000', stateName='MH', cityName='Akola', zipCode='444002'}]
[Person{firstName='MANGESH', lastName='RANA', mobileNumber='123000000', stateName='MH', cityName='Akola', zipCode='444002'}]
[Person{firstName='MANGESH', lastName='RANA', mobileNumber='123000000', stateName='MH', cityName='Akola', zipCode='444002'}]

		The name Govandi is already used in this location. Please use a different name.
]]></system-out>
  <system-err><![CDATA[]]></system-err>
</testsuite>
